Release 12.4 - ngc2edif M.81d (nt)
Copyright (c) 1995-2010 Xilinx, Inc.  All rights reserved.
Reading design MainPage1.ngc ...
WARNING:NetListWriters:298 - No output is written to MainPage1.xncf, ignored.
Processing design ...
   Preping design's networks ...
   Preping design's macros ...
WARNING:NetListWriters:306 - Signal bus XLXI_34/Madd_sch_ram_mux0000_cy<5 : 3>
   on block MainPage1 is not reconstructed, because there are some missing bus
   signals.
  finished :Prep
Writing EDIF netlist file MainPage1.edif ...
ngc2edif: Total memory usage is 43532 kilobytes

Release 14.4 - ngc2edif P.49d (nt64)
Copyright (c) 1995-2012 Xilinx, Inc.  All rights reserved.
Reading design ram32x256v1.ngc ...
WARNING:NetListWriters:298 - No output is written to ram32x256v1.xncf, ignored.
Processing design ...
   Preping design's networks ...
   Preping design's macros ...
  finished :Prep
Writing EDIF netlist file ram32x256v1.edif ...
ngc2edif: Total memory usage is 78588 kilobytes

