# Generated by the VisualDSP++ IDDE (Wed Dec 19 14:37:27 2012)
# Project File: C:\VDSP_project\DSP_M6\NewProject\NewProject.dpj

"C:\Program Files\Analog Devices\VisualDSP 5.0\ccblkfn.exe" -c ..\BFcom\dds.c -file-attr ProjectName=NewProject -g -no-annotate -structs-do-not-overlap -const-read-write -no-multiline -double-size-32 -decls-strong -flags-compiler --diag_warning,implicit_func_decl -warn-protos -flags-compiler --diag_warning,call_not_inlined -si-revision 0.6 -full-io -proc ADSP-BF533 -o .\Debug\dds.doj -MM
"..\BFcom\dds.c", line 189: cc0223: {D} warning: function "DDS_CFR1" declared
          implicitly
  case '0' : {DDS_CFR1 ()     ;};
              ^

"..\BFcom\dds.c", line 189: cc1080: {D} warning: Function does not have a full
          prototype
  case '0' : {DDS_CFR1 ()     ;};
              ^

"..\BFcom\dds.c", line 190: cc0223: {D} warning: function "DDS_CFR2" declared
          implicitly
  case '1' : {DDS_CFR2 ()     ;};
              ^

"..\BFcom\dds.c", line 190: cc1080: {D} warning: Function does not have a full
          prototype
  case '1' : {DDS_CFR2 ()     ;};
              ^

"..\BFcom\dds.c", line 191: cc0223: {D} warning: function "DDS_ASF" declared
          implicitly
  case '2' : {DDS_ASF  ()     ;};
              ^

"..\BFcom\dds.c", line 191: cc1080: {D} warning: Function does not have a full
          prototype
  case '2' : {DDS_ASF  ()     ;};
              ^

"..\BFcom\dds.c", line 192: cc0223: {D} warning: function "DDS_ARR" declared
          implicitly
  case '3' : {DDS_ARR  ()     ;};
              ^

"..\BFcom\dds.c", line 192: cc1080: {D} warning: Function does not have a full
          prototype
  case '3' : {DDS_ARR  ()     ;};
              ^

"..\BFcom\dds.c", line 193: cc0223: {D} warning: function "DDS_FTW0" declared
          implicitly
  case '4' : {DDS_FTW0 ()     ;};
              ^

"..\BFcom\dds.c", line 193: cc1080: {D} warning: Function does not have a full
          prototype
  case '4' : {DDS_FTW0 ()     ;};
              ^

"..\BFcom\dds.c", line 194: cc0223: {D} warning: function "DDS_POW0" declared
          implicitly
  case '5' : {DDS_POW0 ()     ;};
              ^

"..\BFcom\dds.c", line 194: cc1080: {D} warning: Function does not have a full
          prototype
  case '5' : {DDS_POW0 ()     ;};
              ^

"..\BFcom\dds.c", line 195: cc0223: {D} warning: function "DDS_FTW1" declared
          implicitly
  case '6' : {DDS_FTW1 ()     ;};
              ^

"..\BFcom\dds.c", line 195: cc1080: {D} warning: Function does not have a full
          prototype
  case '6' : {DDS_FTW1 ()     ;};
              ^

"..\BFcom\dds.c", line 196: cc0223: {D} warning: function "DDS_RSCW0" declared
          implicitly
  case '7' : {DDS_RSCW0()     ;};
              ^

"..\BFcom\dds.c", line 196: cc1080: {D} warning: Function does not have a full
          prototype
  case '7' : {DDS_RSCW0()     ;};
              ^

"..\BFcom\dds.c", line 197: cc0223: {D} warning: function "DDS_RSCW1" declared
          implicitly
  case '8' : {DDS_RSCW1()     ;};
              ^

"..\BFcom\dds.c", line 197: cc1080: {D} warning: Function does not have a full
          prototype
  case '8' : {DDS_RSCW1()     ;};
              ^

"..\BFcom\dds.c", line 198: cc0223: {D} warning: function "DDS_RSCW2" declared
          implicitly
  case '9' : {DDS_RSCW2()     ;};
              ^

"..\BFcom\dds.c", line 198: cc1080: {D} warning: Function does not have a full
          prototype
  case '9' : {DDS_RSCW2()     ;};
              ^

"..\BFcom\dds.c", line 199: cc0223: {D} warning: function "DDS_RSCW3" declared
          implicitly
  case 'A' : {DDS_RSCW3()     ;};
              ^

"..\BFcom\dds.c", line 199: cc1080: {D} warning: Function does not have a full
          prototype
  case 'A' : {DDS_RSCW3()     ;};
              ^

"..\BFcom\dds.c", line 206: cc0159: {D} warning: declaration is incompatible
          with previous "DDS_CFR1" (declared at line 189)
    void  DDS_CFR1(void)
          ^

"..\BFcom\dds.c", line 221: cc0159: {D} warning: declaration is incompatible
          with previous "DDS_CFR2" (declared at line 190)
     void  DDS_CFR2(void)
           ^

"..\BFcom\dds.c", line 229: cc0159: {D} warning: declaration is incompatible
          with previous "DDS_ASF" (declared at line 191)
   void  DDS_ASF(void)
         ^

"..\BFcom\dds.c", line 237: cc0159: {D} warning: declaration is incompatible
          with previous "DDS_ARR" (declared at line 192)
     void  DDS_ARR(void)
           ^

"..\BFcom\dds.c", line 245: cc0159: {D} warning: declaration is incompatible
          with previous "DDS_FTW0" (declared at line 193)
    void  DDS_FTW0(void)
          ^

"..\BFcom\dds.c", line 253: cc0159: {D} warning: declaration is incompatible
          with previous "DDS_POW0" (declared at line 194)
    void  DDS_POW0(void)
          ^

"..\BFcom\dds.c", line 262: cc0159: {D} warning: declaration is incompatible
          with previous "DDS_FTW1" (declared at line 195)
    void  DDS_FTW1(void)
          ^

"..\BFcom\dds.c", line 272: cc0159: {D} warning: declaration is incompatible
          with previous "DDS_RSCW0" (declared at line 196)
    void  DDS_RSCW0(void)
          ^

"..\BFcom\dds.c", line 280: cc0159: {D} warning: declaration is incompatible
          with previous "DDS_RSCW1" (declared at line 197)
    void  DDS_RSCW1(void)
          ^

"..\BFcom\dds.c", line 288: cc0159: {D} warning: declaration is incompatible
          with previous "DDS_RSCW2" (declared at line 198)
      void  DDS_RSCW2(void)
            ^

"..\BFcom\dds.c", line 296: cc0159: {D} warning: declaration is incompatible
          with previous "DDS_RSCW3" (declared at line 199)
    void  DDS_RSCW3(void)
          ^

"..\BFcom\dds.c", line 764: cc0001: {D} warning: last line of file ends
          without a newline
  }
   ^

"C:\Program Files\Analog Devices\VisualDSP 5.0\ccblkfn.exe" -c ..\BFcom\fft.c -file-attr ProjectName=NewProject -g -no-annotate -structs-do-not-overlap -const-read-write -no-multiline -double-size-32 -decls-strong -flags-compiler --diag_warning,implicit_func_decl -warn-protos -flags-compiler --diag_warning,call_not_inlined -si-revision 0.6 -full-io -proc ADSP-BF533 -o .\Debug\fft.doj -MM
"..\BFcom\fft.c", line 215: cc0001: {D} warning: last line of file ends
          without a newline
  }
   ^

"C:\Program Files\Analog Devices\VisualDSP 5.0\ccblkfn.exe" -c ..\BFcom\Initialization.c -file-attr ProjectName=NewProject -g -no-annotate -structs-do-not-overlap -const-read-write -no-multiline -double-size-32 -decls-strong -flags-compiler --diag_warning,implicit_func_decl -warn-protos -flags-compiler --diag_warning,call_not_inlined -si-revision 0.6 -full-io -proc ADSP-BF533 -o .\Debug\Initialization.doj -MM
"C:\Program Files\Analog Devices\VisualDSP 5.0\ccblkfn.exe" -c ..\BFcom\ISRs.c -file-attr ProjectName=NewProject -g -no-annotate -structs-do-not-overlap -const-read-write -no-multiline -double-size-32 -decls-strong -flags-compiler --diag_warning,implicit_func_decl -warn-protos -flags-compiler --diag_warning,call_not_inlined -si-revision 0.6 -full-io -proc ADSP-BF533 -o .\Debug\ISRs.doj -MM
"C:\Program Files\Analog Devices\VisualDSP 5.0\ccblkfn.exe" -c ..\BFcom\main.c -file-attr ProjectName=NewProject -g -no-annotate -structs-do-not-overlap -const-read-write -no-multiline -double-size-32 -decls-strong -flags-compiler --diag_warning,implicit_func_decl -warn-protos -flags-compiler --diag_warning,call_not_inlined -si-revision 0.6 -full-io -proc ADSP-BF533 -o .\Debug\main.doj -MM
"..\BFcom\main.c", line 87: cc0047: {D} warning: incompatible redefinition of
          macro "pDSPID" (declared at line 137 of "C:\Program Files\Analog
          Devices\VisualDSP 5.0\Blackfin\include\cdef_LPBlackfin.h")
  #define  pDSPID   ( volatile unsigned*) 0xffe05000
           ^

"..\BFcom\main.c", line 538: cc0223: {D} warning: function "puts" declared
          implicitly
  if (InOut[1] == 0x31) { lk=5; puts(ok,lk); }
                                ^

"..\BFcom\main.c", line 538: cc1080: {D} warning: Function does not have a
          full prototype
  if (InOut[1] == 0x31) { lk=5; puts(ok,lk); }
                                ^

"..\BFcom\main.c", line 611: cc0223: {D} warning: function "Set_PLL" declared
          implicitly
      Set_PLL(22,5) ;  //  PLL 
      ^

"..\BFcom\main.c", line 611: cc1080: {D} warning: Function does not have a
          full prototype
      Set_PLL(22,5) ;  //  PLL 
      ^

"..\BFcom\main.c", line 615: cc0223: {D} warning: function "InitSDRAM"
          declared implicitly
       InitSDRAM();
       ^

"..\BFcom\main.c", line 615: cc1080: {D} warning: Function does not have a
          full prototype
       InitSDRAM();
       ^

"..\BFcom\main.c", line 653: cc0549: {D} warning: variable "addres" is used
          before its value is set
         *addres=Mem1.Kod_Dii;   
          ^

"..\BFcom\main.c", line 725: cc0111: {D} warning: statement is unreachable
   return 0;
   ^

"..\BFcom\main.c", line 1124: cc0223: {D} warning: function "puts" declared
          implicitly
     for (i=0; i<10; i++) puts("\r",1);  //  
                          ^

"..\BFcom\main.c", line 1124: cc1080: {D} warning: Function does not have a
          full prototype
     for (i=0; i<10; i++) puts("\r",1);  //  
                          ^

"..\BFcom\main.c", line 1145: cc0001: {D} warning: last line of file ends
          without a newline
     }
      ^

"C:\Program Files\Analog Devices\VisualDSP 5.0\ccblkfn.exe" -c ..\BFcom\Pll.c -file-attr ProjectName=NewProject -g -no-annotate -structs-do-not-overlap -const-read-write -no-multiline -double-size-32 -decls-strong -flags-compiler --diag_warning,implicit_func_decl -warn-protos -flags-compiler --diag_warning,call_not_inlined -si-revision 0.6 -full-io -proc ADSP-BF533 -o .\Debug\Pll.doj -MM
"..\BFcom\Pll.c", line 3: cc0047: {D} warning: incompatible redefinition of
          macro "CORE_IDLE" (declared at line 392 of "C:\Program Files\Analog
          Devices\VisualDSP 5.0\Blackfin\include\defBF532.h")
  #define       CORE_IDLE                       0x40
                ^

"..\BFcom\Pll.c", line 4: cc0047: {D} warning: incompatible redefinition of
          macro "PLL_LOCKED" (declared at line 439 of "C:\Program Files\Analog
          Devices\VisualDSP 5.0\Blackfin\include\defBF532.h")
  #define       PLL_LOCKED                      0x20
                ^

"..\BFcom\Pll.c", line 19: cc0047: {D} warning: incompatible redefinition of
          macro "PLL_CLKIN" (declared at line 396 of "C:\Program Files\Analog
          Devices\VisualDSP 5.0\Blackfin\include\defBF532.h")
   #define    PLL_CLKIN           0x0      // Pass CLKIN to PLL
              ^

"..\BFcom\Pll.c", line 20: cc0047: {D} warning: incompatible redefinition of
          macro "PLL_CLKIN_DIV2" (declared at line 397 of "C:\Program
          Files\Analog Devices\VisualDSP 5.0\Blackfin\include\defBF532.h")
   #define    PLL_CLKIN_DIV2      0x1      // Pass CLKIN/2 to PLL
              ^

"..\BFcom\Pll.c", line 29: cc0047: {D} warning: incompatible redefinition of
          macro "CCLK_DIV1" (declared at line 424 of "C:\Program Files\Analog
          Devices\VisualDSP 5.0\Blackfin\include\defBF532.h")
   #define   CCLK_DIV1         0x00 //  CCLK = VCO / 1     4 !
             ^

"C:\Program Files\Analog Devices\VisualDSP 5.0\ccblkfn.exe" -c ..\BFcom\rtc.c -file-attr ProjectName=NewProject -g -no-annotate -structs-do-not-overlap -const-read-write -no-multiline -double-size-32 -decls-strong -flags-compiler --diag_warning,implicit_func_decl -warn-protos -flags-compiler --diag_warning,call_not_inlined -si-revision 0.6 -full-io -proc ADSP-BF533 -o .\Debug\rtc.doj -MM
"C:\Program Files\Analog Devices\VisualDSP 5.0\ccblkfn.exe" -c ..\BFcom\uart.c -file-attr ProjectName=NewProject -g -no-annotate -structs-do-not-overlap -const-read-write -no-multiline -double-size-32 -decls-strong -flags-compiler --diag_warning,implicit_func_decl -warn-protos -flags-compiler --diag_warning,call_not_inlined -si-revision 0.6 -full-io -proc ADSP-BF533 -o .\Debug\uart.doj -MM
"C:\Program Files\Analog Devices\VisualDSP 5.0\ccblkfn.exe" .\Debug\dds.doj .\Debug\fft.doj .\Debug\Initialization.doj .\Debug\ISRs.doj .\Debug\main.doj .\Debug\Pll.doj .\Debug\rtc.doj .\Debug\uart.doj -L .\Debug -full-io -flags-link -od,.\Debug -o .\Debug\NewProject.dxe -proc ADSP-BF533 -si-revision 0.6 -MM
