# Generated by the VisualDSP++ IDDE (Tue Nov 06 15:34:45 2018)
# Project File: C:\Work\Stend_B600\Sinhron_k614_rzv2\NewProject\NewProject.dpj

"C:\Program Files (x86)\Analog Devices\VisualDSP 5.1.2\ccblkfn.exe" -c ..\BFcom\Initialization.c -file-attr ProjectName=NewProject -O -Ov0 -g -always-inline -save-temps -path-output .\Release -ED -no-auto-attrs -structs-do-not-overlap -const-strings -no-multiline -D__PROCESSOR_SPEED__=400000000 -double-size-64 -decls-strong -warn-protos -flags-compiler --diag_warning,call_not_inlined -si-revision 0.6 -proc ADSP-BF533 -o .\Release\Initialization.doj -MM
"C:\Program Files (x86)\Analog Devices\VisualDSP 5.1.2\ccblkfn.exe" -c ..\BFcom\ISRs.c -file-attr ProjectName=NewProject -O -Ov0 -g -always-inline -save-temps -path-output .\Release -ED -no-auto-attrs -structs-do-not-overlap -const-strings -no-multiline -D__PROCESSOR_SPEED__=400000000 -double-size-64 -decls-strong -warn-protos -flags-compiler --diag_warning,call_not_inlined -si-revision 0.6 -proc ADSP-BF533 -o .\Release\ISRs.doj -MM
"C:\Program Files (x86)\Analog Devices\VisualDSP 5.1.2\ccblkfn.exe" -c ..\BFcom\main.c -file-attr ProjectName=NewProject -O -Ov0 -g -always-inline -save-temps -path-output .\Release -ED -no-auto-attrs -structs-do-not-overlap -const-strings -no-multiline -D__PROCESSOR_SPEED__=400000000 -double-size-64 -decls-strong -warn-protos -flags-compiler --diag_warning,call_not_inlined -si-revision 0.6 -proc ADSP-BF533 -o .\Release\main.doj -MM
"..\BFcom\main.c", line 2811: cc0069: {D} warning: integer conversion resulted
          in truncation
  if ( a==10) c3=(~0x02); else if ( a==11) c3=(~0x04); else if ( a==12) c3=(~0x80);
                                                                           ^

"C:\Program Files (x86)\Analog Devices\VisualDSP 5.1.2\ccblkfn.exe" -c ..\BFcom\Menu_and_Text.c -file-attr ProjectName=NewProject -O -Ov0 -g -always-inline -save-temps -path-output .\Release -ED -no-auto-attrs -structs-do-not-overlap -const-strings -no-multiline -D__PROCESSOR_SPEED__=400000000 -double-size-64 -decls-strong -warn-protos -flags-compiler --diag_warning,call_not_inlined -si-revision 0.6 -proc ADSP-BF533 -o .\Release\Menu_and_Text.doj -MM
"C:\Program Files (x86)\Analog Devices\VisualDSP 5.1.2\ccblkfn.exe" -c ..\BFcom\Pll.c -file-attr ProjectName=NewProject -O -Ov0 -g -always-inline -save-temps -path-output .\Release -ED -no-auto-attrs -structs-do-not-overlap -const-strings -no-multiline -D__PROCESSOR_SPEED__=400000000 -double-size-64 -decls-strong -warn-protos -flags-compiler --diag_warning,call_not_inlined -si-revision 0.6 -proc ADSP-BF533 -o .\Release\Pll.doj -MM
"C:\Program Files (x86)\Analog Devices\VisualDSP 5.1.2\ccblkfn.exe" -c ..\BFcom\rtc.c -file-attr ProjectName=NewProject -O -Ov0 -g -always-inline -save-temps -path-output .\Release -ED -no-auto-attrs -structs-do-not-overlap -const-strings -no-multiline -D__PROCESSOR_SPEED__=400000000 -double-size-64 -decls-strong -warn-protos -flags-compiler --diag_warning,call_not_inlined -si-revision 0.6 -proc ADSP-BF533 -o .\Release\rtc.doj -MM
"C:\Program Files (x86)\Analog Devices\VisualDSP 5.1.2\ccblkfn.exe" -c ..\BFcom\uart.c -file-attr ProjectName=NewProject -O -Ov0 -g -always-inline -save-temps -path-output .\Release -ED -no-auto-attrs -structs-do-not-overlap -const-strings -no-multiline -D__PROCESSOR_SPEED__=400000000 -double-size-64 -decls-strong -warn-protos -flags-compiler --diag_warning,call_not_inlined -si-revision 0.6 -proc ADSP-BF533 -o .\Release\uart.doj -MM
"C:\Program Files (x86)\Analog Devices\VisualDSP 5.1.2\ccblkfn.exe" -c ..\BFcom\W5200.c -file-attr ProjectName=NewProject -O -Ov0 -g -always-inline -save-temps -path-output .\Release -ED -no-auto-attrs -structs-do-not-overlap -const-strings -no-multiline -D__PROCESSOR_SPEED__=400000000 -double-size-64 -decls-strong -warn-protos -flags-compiler --diag_warning,call_not_inlined -si-revision 0.6 -proc ADSP-BF533 -o .\Release\W5200.doj -MM
"C:\Program Files (x86)\Analog Devices\VisualDSP 5.1.2\ccblkfn.exe" .\Release\Initialization.doj .\Release\ISRs.doj .\Release\main.doj .\Release\Menu_and_Text.doj .\Release\Pll.doj .\Release\rtc.doj .\Release\uart.doj .\Release\W5200.doj -flags-link -t -flags-link -S -map .\Release\NewProject.map.xml -flags-link -ip -L .\Release -flags-link -e -flags-link -od,.\Release -o .\Release\NewProject.dxe -proc ADSP-BF533 -si-revision 0.6 -MM

Output File: .\Release\NewProject.dxe
         Input File: .\Release\Pll.doj
         Input File: .\Release\Menu_and_Text.doj
         Input File: .\Release\main.doj
         Input File: .\Release\ISRs.doj
         Input File: crtsf532y.doj
         Input File: .\Release\Initialization.doj
         Input File: .\Release\rtc.doj
         Input File: .\Release\uart.doj
         Input File: .\Release\W5200.doj
         Input File: __initsbsz532.doj
         Input File: cplbtab533.doj
         Input File: crtn532y.doj
         Input File: libsmall532y.dlb[reghdlr_s.doj]
         Input File: libio532y.dlb[xdo_output.doj]
         Input File: libio532y.dlb[xlong_to_string.doj]
         Input File: libio532y.dlb[xpad.doj]
         Input File: libio532y.dlb[xparse_field.doj]
         Input File: libio532y.dlb[xparse_format.doj]
         Input File: libio532y.dlb[xhexdigits.doj]
         Input File: libio532y.dlb[xprint_fixed.doj]
         Input File: libio532y.dlb[xput_string.doj]
         Input File: libio532y.dlb[xsprintfputchar.doj]
         Input File: libio532y.dlb[xlonglong_to_string.doj]
         Input File: libio532y.dlb[sprintf_64.doj]
         Input File: libio532y.dlb[xprint_a_float_64.doj]
         Input File: libio532y.dlb[xprint_float_64.doj]
         Input File: libio532y.dlb[xprnt_64.doj]
         Input File: libc532y.dlb[_exit_s.doj]
         Input File: libc532y.dlb[spswitch32.doj]
         Input File: libc532y.dlb[adi_fatal_data.doj]
         Input File: libc532y.dlb[adi_fatal_error.doj]
         Input File: libc532y.dlb[adi_fatal_exception.doj]
         Input File: libc532y.dlb[errno.doj]
         Input File: libc532y.dlb[exit.doj]
         Input File: libc532y.dlb[exit_value.doj]
         Input File: libc532y.dlb[memchr.doj]
         Input File: libc532y.dlb[strchr.doj]
         Input File: libc532y.dlb[strcmp.doj]
         Input File: libc532y.dlb[strlen.doj]
         Input File: libc532y.dlb[xatexit.doj]
         Input File: libc532y.dlb[xctype.doj]
         Input File: libc532y.dlb[xstoul.doj]
         Input File: libc532y.dlb[xtolotab.doj]
         Input File: librt_fileio532y.dlb[meminit.doj]
         Input File: librt_fileio532y.dlb[__initsdat.doj]
         Input File: librt_fileio532y.dlb[argstring.doj]
         Input File: librt_fileio532y.dlb[getargv.doj]
         Input File: libevent532y.dlb[call_fatal_error.doj]
         Input File: libevent532y.dlb[cplb_is_misaligned_for_size.doj]
         Input File: libevent532y.dlb[cplbctrl.doj]
         Input File: libevent532y.dlb[cplbhdr.doj]
         Input File: libevent532y.dlb[cplbinit.doj]
         Input File: libevent532y.dlb[cplblocked.doj]
         Input File: libevent532y.dlb[cplbmgr.doj]
         Input File: libevent532y.dlb[cplbmiss.doj]
         Input File: libevent532y.dlb[cplbprot.doj]
         Input File: libevent532y.dlb[cplbdbl.doj]
         Input File: libevent532y.dlb[defhdlrs.doj]
         Input File: libevent532y.dlb[l1_code_cache_enabled_when_used_for_code.doj]
         Input File: libevent532y.dlb[l1_data_a_cache_enabled_when_used_for_data.doj]
         Input File: libevent532y.dlb[l1_data_b_cache_enabled_when_used_for_data.doj]
         Input File: libevent532y.dlb[too_many_locked_data_cplbs.doj]
         Input File: libevent532y.dlb[too_many_locked_instr_cplbs.doj]
         Input File: libevent532y.dlb[unknownex.doj]
         Input File: libf64ieee532y.dlb[f64toi32z.doj]
         Input File: libf64ieee532y.dlb[f64tou32z.doj]
         Input File: libf64ieee532y.dlb[i32tof64.doj]
         Input File: libf64ieee532y.dlb[u32tof64.doj]
         Input File: libf64ieee532y.dlb[u64tof64.doj]
         Input File: libf64ieee532y.dlb[addfl64.doj]
         Input File: libf64ieee532y.dlb[subfl64.doj]
         Input File: libf64ieee532y.dlb[mulfl64.doj]
         Input File: libf64ieee532y.dlb[divfl64.doj]
         Input File: libf64ieee532y.dlb[ltfl64.doj]
         Input File: libf64ieee532y.dlb[gteqfl64.doj]
         Input File: libdsp532y.dlb[isinfd64.doj]
         Input File: libdsp532y.dlb[isnand64.doj]
         Input File: libdsp532y.dlb[divrem_s32.doj]
         Input File: libdsp532y.dlb[divrem_u32.doj]
         Input File: libdsp532y.dlb[divrem_s64.doj]
         Input File: libdsp532y.dlb[divrem_u64.doj]
         Input File: libdsp532y.dlb[div_s32.doj]
         Input File: libdsp532y.dlb[div_u32.doj]
         Input File: libdsp532y.dlb[mul_64.doj]

"C:\Program Files (x86)\Analog Devices\VisualDSP 5.1.2\elfloader.exe" .\Release\NewProject.dxe -b SPI -f HEX -Width 8 -o .\Release\NewProject.ldr -si-revision 0.6 -proc ADSP-BF533 -MM
