iMPACT Version: 14.4

iMPACT log file Started on Mon Jul 06 14:15:07 2015

Welcome to iMPACT
iMPACT Version: 14.4
Project: 'C:\Xilinx\14.4\\auto_project.ipf' already exists.
Original project has been renamed to 'C:\Xilinx\14.4\\auto_project_1.ipf'.
Project: C:\Xilinx\14.4\\auto_project.ipf created.
// *** BATCH CMD : setMode -bs
GUI --- Auto connect to cable...
// *** BATCH CMD : setCable -port auto
INFO:iMPACT - Digilent Plugin: Plugin Version: 2.4.4
INFO:iMPACT - Digilent Plugin: no JTAG device was found.
AutoDetecting cable. Please wait.
*** WARNING ***: When port is set to auto detect mode, cable speed is set todefault 6 MHz regardless of explicit arguments supplied for setting the baudrates
PROGRESS_START - Starting Operation.
Connecting to cable (Usb Port - USB21).
Checking cable driver.
 Driver file xusb_xlp.sys found.
 Driver version: src=1029, dest=1029.
 Driver windrvr6.sys version = 10.2.1.0. WinDriver v10.21 Jungo (c) 1997 - 2010 Build Date: Aug 31 2010 x86_64 64bit SYS14:14:44, version = 1021.
 Cable PID = 0008.
 Max current requested during enumeration is 300 mA.
Type = 0x0005.
 Cable Type = 3, Revision = 0.
 Setting cable speed to 6 MHz.
Cable connection established.
Firmware version = 2401.
File version of C:/Xilinx/14.4/ISE_DS/ISE/data/xusb_xp2.hex = 2401.
Firmware hex file version = 2401.
PLD file version = 200Dh.
 PLD version = 200Dh.
PROGRESS_END - End Operation.
Elapsed time =      0 sec.
Type = 0x0005.
ESN option: 000016C45C7D01.
Attempting to identify devices in the boundary-scan chain configuration...
INFO:iMPACT - Current time: 06.07.2015 14:15:21
// *** BATCH CMD : Identify -inferir 
PROGRESS_START - Starting Operation.
Identifying chain contents...'0': : Manufacturer's ID = Xilinx xc3s500e, Version : 4
INFO:iMPACT:1777 - 
   Reading C:/Xilinx/14.4/ISE_DS/ISE/spartan3e/data/xc3s500e.bsd...
INFO:iMPACT:501 - '1': Added Device xc3s500e successfully.
----------------------------------------------------------------------
'1': : Manufacturer's ID = Xilinx xcf04s, Version : 13
INFO:iMPACT:1777 - 
   Reading C:/Xilinx/14.4/ISE_DS/ISE/xcf/data/xcf04s.bsd...
INFO:iMPACT:501 - '1': Added Device xcf04s successfully.
----------------------------------------------------------------------
done.
PROGRESS_END - End Operation.
Elapsed time =      0 sec.
// *** BATCH CMD : identifyMPM 
// *** BATCH CMD : setMode -pff
// *** BATCH CMD : addConfigDevice  -name "Untitled" -path"C:\SOFT_project\FPGA\Xilinx_project\Sinhron_B700\B700_sintezator"
// *** BATCH CMD : setSubmode -pffserial
// *** BATCH CMD : setAttribute -configdevice -attr multibootBpiType -value ""
// *** BATCH CMD : addDesign -version 0 -name "0"
// *** BATCH CMD : setAttribute -configdevice -attr compressed -value "FALSE"
// *** BATCH CMD : setAttribute -configdevice -attr autoSize -value "FALSE"
// *** BATCH CMD : setAttribute -configdevice -attr fileFormat -value "mcs"
// *** BATCH CMD : setAttribute -configdevice -attr fillValue -value "FF"
// *** BATCH CMD : setAttribute -configdevice -attr swapBit -value "FALSE"
// *** BATCH CMD : setAttribute -configdevice -attr dir -value "UP"
// *** BATCH CMD : setAttribute -configdevice -attr multiboot -value "FALSE"
// *** BATCH CMD : setAttribute -configdevice -attr spiSelected -value "FALSE"
// *** BATCH CMD : addPromDevice -p 1 -size 0 -name xcf04s
'1': Added Device xcf04s successfully.
----------------------------------------------------------------------
// *** BATCH CMD : setMode -bs
// *** BATCH CMD : setMode -pff
// *** BATCH CMD : setSubmode -pffserial
// *** BATCH CMD : setMode -pff
// *** BATCH CMD : addDeviceChain -index 0
// *** BATCH CMD : setMode -pff
------------------------  GUI: Wizard Data Report  ---------------------------
      Compression : false
      Fill Value : FF
      Output Format : mcs
      Swap Bits : false
      LoadDirection : UP
      PROM Basename : Untitled
      File Location :C:\SOFT_project\FPGA\Xilinx_project\Sinhron_B700\B700_sintezator/
      Auto Selcet : false
      Number of Revision : 1
      Number of PROMs : 1
      PROM Name : xcf04s,   PROM Size : 4194304 bits
-------------------------- END of Report ----------------------------
// *** BATCH CMD : setMode -pff
// *** BATCH CMD : addDeviceChain -index 0
Override chain at index 0.
Overriding chain at index 0.
// *** BATCH CMD : addDevice -p 1 -file"C:/SOFT_project/FPGA/Xilinx_project/Sinhron_B700/B700_sintezator/mainpage1.bit"
'1': Loading file'C:/SOFT_project/FPGA/Xilinx_project/Sinhron_B700/B700_sintezator/mainpage1.bit'...
INFO:iMPACT - Elapsed time =      0 sec.
done.
INFO:iMPACT:501 - '1': Added Device xc3s500e successfully.
----------------------------------------------------------------------
Add one device.454b9INFO:iMPACT - Current time: 06.07.2015 14:15:53
// *** BATCH CMD : setMode -pff
// *** BATCH CMD : setSubmode -pffserial
Total configuration bit size = 2270208 bits.
Total configuration byte size = 283776 bytes.
// *** BATCH CMD : generate
0x45480 (283776) bytes loaded up from 0x0
Using user-specified prom size of 512K
Writing file"C:\SOFT_project\FPGA\Xilinx_project\Sinhron_B700\B700_sintezator\Untitled.mcs".
Writing file"C:\SOFT_project\FPGA\Xilinx_project\Sinhron_B700\B700_sintezator\Untitled.prm".
Writing file"C:\SOFT_project\FPGA\Xilinx_project\Sinhron_B700\B700_sintezator\Untitled.sig".
Writing file"C:\SOFT_project\FPGA\Xilinx_project\Sinhron_B700\B700_sintezator\Untitled.cfi".
// *** BATCH CMD : setCurrentDesign -version 0
// *** BATCH CMD : setMode -bs
// *** BATCH CMD : assignFile -p 1 -file"C:/SOFT_project/FPGA/Xilinx_project/Sinhron_B700/B700_sintezator/Untitled.mcs"
'1': Loading file'C:/SOFT_project/FPGA/Xilinx_project/Sinhron_B700/B700_sintezator/Untitled.mcs'...
done.
// *** BATCH CMD : setAttribute -position 1 -attr packageName -value ""
INFO:iMPACT - Current time: 06.07.2015 14:16:00
// *** BATCH CMD : Program -p 1 -e -v 
Maximum TCK operating frequency for this device chain: 10000000.
Validating chain...
Boundary-scan chain validated successfully.
'1': Erasing device...
PROGRESS_START - Starting Operation.
'1': Erasure completed successfully.
'1': Programming device...
done.
'1': Putting device in ISP mode...done.
'1': Putting device in ISP mode...done.
'1': Verifying device...done.
'1': Verification completed successfully.
'1': Calculated checksum matches expected checksum, 003ab3eff
'1': Putting device in ISP mode...done.
'1': Putting device in ISP mode...done.
'1': Setting user-programmable bits...
done.
'1': Putting device in ISP mode...done.
'1': Programming completed successfully.
PROGRESS_END - End Operation.
Elapsed time =     16 sec.
// *** BATCH CMD : setMode -pff
INFO:iMPACT - Current time: 06.07.2015 14:22:47
// *** BATCH CMD : setMode -pff
// *** BATCH CMD : setSubmode -pffserial
Updating config fileC:/SOFT_project/FPGA/Xilinx_project/Sinhron_B700/B700_sintezator/mainpage1.bit...
Total configuration bit size = 2270208 bits.
Total configuration byte size = 283776 bytes.
// *** BATCH CMD : generate
0x45480 (283776) bytes loaded up from 0x0
Using user-specified prom size of 512K
Writing file"C:\SOFT_project\FPGA\Xilinx_project\Sinhron_B700\B700_sintezator\Untitled.mcs".
Writing file"C:\SOFT_project\FPGA\Xilinx_project\Sinhron_B700\B700_sintezator\Untitled.prm".
Writing file"C:\SOFT_project\FPGA\Xilinx_project\Sinhron_B700\B700_sintezator\Untitled.sig".
Writing file"C:\SOFT_project\FPGA\Xilinx_project\Sinhron_B700\B700_sintezator\Untitled.cfi".
// *** BATCH CMD : setCurrentDesign -version 0
// *** BATCH CMD : setMode -bs
// *** BATCH CMD : assignFile -p 1 -file"C:/SOFT_project/FPGA/Xilinx_project/Sinhron_B700/B700_sintezator/Untitled.mcs"
'1': Loading file'C:/SOFT_project/FPGA/Xilinx_project/Sinhron_B700/B700_sintezator/Untitled.mcs'...
done.
// *** BATCH CMD : setAttribute -position 1 -attr packageName -value ""
INFO:iMPACT - Current time: 06.07.2015 14:23:03
Updating config fileC:/SOFT_project/FPGA/Xilinx_project/Sinhron_B700/B700_sintezator/Untitled.mcs...
// *** BATCH CMD : Program -p 1 -e -v 
Maximum TCK operating frequency for this device chain: 10000000.
Validating chain...
Boundary-scan chain validated successfully.
'1': Erasing device...
PROGRESS_START - Starting Operation.
'1': Erasure completed successfully.
'1': Programming device...
done.
'1': Putting device in ISP mode...done.
'1': Putting device in ISP mode...done.
'1': Verifying device...done.
'1': Verification completed successfully.
'1': Calculated checksum matches expected checksum, 003ab83f5
'1': Putting device in ISP mode...done.
'1': Putting device in ISP mode...done.
'1': Setting user-programmable bits...
done.
'1': Putting device in ISP mode...done.
'1': Programming completed successfully.
PROGRESS_END - End Operation.
Elapsed time =     15 sec.
// *** BATCH CMD : setMode -pff
INFO:iMPACT - Current time: 06.07.2015 14:37:52
// *** BATCH CMD : setMode -pff
// *** BATCH CMD : setSubmode -pffserial
Updating config fileC:/SOFT_project/FPGA/Xilinx_project/Sinhron_B700/B700_sintezator/mainpage1.bit...
Total configuration bit size = 2270208 bits.
// *** BATCH CMD : generate
Total configuration byte size = 283776 bytes.
0x45480 (283776) bytes loaded up from 0x0
Using user-specified prom size of 512K
Writing file"C:\SOFT_project\FPGA\Xilinx_project\Sinhron_B700\B700_sintezator\Untitled.mcs".
Writing file"C:\SOFT_project\FPGA\Xilinx_project\Sinhron_B700\B700_sintezator\Untitled.prm".
Writing file"C:\SOFT_project\FPGA\Xilinx_project\Sinhron_B700\B700_sintezator\Untitled.sig".
Writing file"C:\SOFT_project\FPGA\Xilinx_project\Sinhron_B700\B700_sintezator\Untitled.cfi".
// *** BATCH CMD : setCurrentDesign -version 0
// *** BATCH CMD : setMode -bs
// *** BATCH CMD : assignFile -p 1 -file"C:/SOFT_project/FPGA/Xilinx_project/Sinhron_B700/B700_sintezator/Untitled.mcs"
'1': Loading file'C:/SOFT_project/FPGA/Xilinx_project/Sinhron_B700/B700_sintezator/Untitled.mcs'...
done.
// *** BATCH CMD : setAttribute -position 1 -attr packageName -value ""
INFO:iMPACT - Current time: 06.07.2015 14:38:13
Updating config fileC:/SOFT_project/FPGA/Xilinx_project/Sinhron_B700/B700_sintezator/Untitled.mcs...
// *** BATCH CMD : Program -p 1 -e -v 
Maximum TCK operating frequency for this device chain: 10000000.
Validating chain...
Boundary-scan chain validated successfully.
'1': Erasing device...
PROGRESS_START - Starting Operation.
'1': Erasure completed successfully.
'1': Programming device...
done.
'1': Putting device in ISP mode...done.
'1': Putting device in ISP mode...done.
'1': Verifying device...done.
'1': Verification completed successfully.
'1': Calculated checksum matches expected checksum, 003ab516b
'1': Putting device in ISP mode...done.
'1': Putting device in ISP mode...done.
'1': Setting user-programmable bits...
done.
'1': Putting device in ISP mode...done.
'1': Programming completed successfully.
PROGRESS_END - End Operation.
Elapsed time =     16 sec.
// *** BATCH CMD : setMode -pff
INFO:iMPACT - Current time: 06.07.2015 14:46:28
// *** BATCH CMD : setMode -pff
// *** BATCH CMD : setSubmode -pffserial
Updating config fileC:/SOFT_project/FPGA/Xilinx_project/Sinhron_B700/B700_sintezator/mainpage1.bit...
Total configuration bit size = 2270208 bits.
Total configuration byte size = 283776 bytes.
// *** BATCH CMD : generate
0x45480 (283776) bytes loaded up from 0x0
Using user-specified prom size of 512K
Writing file"C:\SOFT_project\FPGA\Xilinx_project\Sinhron_B700\B700_sintezator\Untitled.mcs".
Writing file"C:\SOFT_project\FPGA\Xilinx_project\Sinhron_B700\B700_sintezator\Untitled.prm".
Writing file"C:\SOFT_project\FPGA\Xilinx_project\Sinhron_B700\B700_sintezator\Untitled.sig".
Writing file"C:\SOFT_project\FPGA\Xilinx_project\Sinhron_B700\B700_sintezator\Untitled.cfi".
// *** BATCH CMD : setCurrentDesign -version 0
// *** BATCH CMD : setMode -bs
// *** BATCH CMD : assignFile -p 1 -file"C:/SOFT_project/FPGA/Xilinx_project/Sinhron_B700/B700_sintezator/Untitled.mcs"
'1': Loading file'C:/SOFT_project/FPGA/Xilinx_project/Sinhron_B700/B700_sintezator/Untitled.mcs'...
done.
// *** BATCH CMD : setAttribute -position 1 -attr packageName -value ""
INFO:iMPACT - Current time: 06.07.2015 14:46:47
Updating config fileC:/SOFT_project/FPGA/Xilinx_project/Sinhron_B700/B700_sintezator/Untitled.mcs...
// *** BATCH CMD : Program -p 1 -e -v 
Maximum TCK operating frequency for this device chain: 10000000.
Validating chain...
Boundary-scan chain validated successfully.
'1': Erasing device...
PROGRESS_START - Starting Operation.
'1': Erasure completed successfully.
'1': Programming device...
done.
'1': Putting device in ISP mode...done.
'1': Putting device in ISP mode...done.
'1': Verifying device...done.
'1': Verification completed successfully.
'1': Calculated checksum matches expected checksum, 003ab61a9
'1': Putting device in ISP mode...done.
'1': Putting device in ISP mode...done.
'1': Setting user-programmable bits...
done.
'1': Putting device in ISP mode...done.
'1': Programming completed successfully.
PROGRESS_END - End Operation.
Elapsed time =     16 sec.
Project: 'C:\Xilinx\14.4\\auto_project.ipf' created.
// *** BATCH CMD : setMode -bs
// *** BATCH CMD : setMode -ss
// *** BATCH CMD : setMode -sm
// *** BATCH CMD : setMode -hw140
// *** BATCH CMD : setMode -spi
// *** BATCH CMD : setMode -acecf
// *** BATCH CMD : setMode -acempm
// *** BATCH CMD : setMode -pff
// *** BATCH CMD : setMode -bs
// *** BATCH CMD : saveProjectFile -file "C:\Xilinx\14.4\\auto_project.ipf"
// *** BATCH CMD : setMode -bs
// *** BATCH CMD : setMode -pff
INFO:iMPACT - Launching WebTalk, please refer to the webtalk log at   C:\Xilinx\14.4\webtalk.log for details.
INFO:iMPACT - Running wbtc successfully.
// *** BATCH CMD : setMode -bs
// *** BATCH CMD : deleteDevice -position 1
----------------------------------------------------------------------
// *** BATCH CMD : deleteDevice -position 1
// *** BATCH CMD : setMode -bs
// *** BATCH CMD : setMode -ss
// *** BATCH CMD : setMode -sm
// *** BATCH CMD : setMode -hw140
// *** BATCH CMD : setMode -spi
// *** BATCH CMD : setMode -acecf
// *** BATCH CMD : setMode -acempm
// *** BATCH CMD : setMode -pff
// *** BATCH CMD : deletePromDevice -position 1
// *** BATCH CMD : setCurrentDesign -version 0
// *** BATCH CMD : deleteDevice -position 1
// *** BATCH CMD : deleteDesign -version 0
// *** BATCH CMD : setCurrentDesign -version -1
